::1 - - [03/Oct/2018:10:42:52 +0800] "GET / HTTP/1.1" 200 80747
::1 - - [03/Oct/2018:10:42:53 +0800] "GET /style.css HTTP/1.1" 200 3041
::1 - - [03/Oct/2018:10:42:53 +0800] "GET /index.php?=PHPE9568F34-D428-11d2-A769-00AA001ACF42 HTTP/1.1" 200 2524
::1 - - [03/Oct/2018:10:42:53 +0800] "GET /index.php?=PHPE9568F35-D428-11d2-A769-00AA001ACF42 HTTP/1.1" 200 2146
::1 - - [03/Oct/2018:10:42:53 +0800] "GET /images/banner.jpg HTTP/1.1" 200 38149
::1 - - [03/Oct/2018:10:42:53 +0800] "GET /images/content.jpg HTTP/1.1" 200 11916
::1 - - [03/Oct/2018:10:42:53 +0800] "GET /images/background.jpg HTTP/1.1" 200 12386
::1 - - [03/Oct/2018:10:42:53 +0800] "GET /images/header.png HTTP/1.1" 200 7766
::1 - - [03/Oct/2018:10:42:53 +0800] "GET /images/topcontent.jpg HTTP/1.1" 200 11578
::1 - - [03/Oct/2018:10:42:53 +0800] "GET /images/menu.jpg HTTP/1.1" 200 11219
::1 - - [03/Oct/2018:10:42:53 +0800] "GET /images/menuright.jpg HTTP/1.1" 200 11239
::1 - - [03/Oct/2018:10:42:53 +0800] "GET /images/menuleft.jpg HTTP/1.1" 200 11236
::1 - - [03/Oct/2018:10:42:53 +0800] "GET /favicon.ico HTTP/1.1" 404 209
::1 - - [03/Oct/2018:10:43:09 +0800] "GET /wordpress/ HTTP/1.1" 302 -
::1 - - [03/Oct/2018:10:43:09 +0800] "GET /wordpress/wp-admin/setup-config.php HTTP/1.1" 200 2321
::1 - - [03/Oct/2018:10:43:10 +0800] "GET /wordpress/wp-admin/css/install.min.css?ver=4.9 HTTP/1.1" 200 5650
::1 - - [03/Oct/2018:10:43:10 +0800] "GET /wordpress/wp-includes/js/jquery/jquery.js?ver=1.12.4 HTTP/1.1" 200 97184
::1 - - [03/Oct/2018:10:43:10 +0800] "GET /wordpress/wp-includes/js/jquery/jquery-migrate.min.js?ver=1.4.1 HTTP/1.1" 200 10056
::1 - - [03/Oct/2018:10:43:10 +0800] "GET /wordpress/wp-includes/css/buttons.min.css?ver=4.9 HTTP/1.1" 200 6144
::1 - - [03/Oct/2018:10:43:10 +0800] "GET /wordpress/wp-admin/js/language-chooser.min.js?ver=4.9 HTTP/1.1" 200 374
::1 - - [03/Oct/2018:10:43:10 +0800] "GET /wordpress/wp-admin/images/wordpress-logo.svg?ver=20131107 HTTP/1.1" 200 1521
::1 - - [03/Oct/2018:10:43:16 +0800] "GET /wordpress/wp-admin/setup-config.php?step=1&language=zh_TW HTTP/1.1" 200 2761
::1 - - [03/Oct/2018:10:43:26 +0800] "GET /phpmyadmin/ HTTP/1.1" 200 7976
::1 - - [03/Oct/2018:10:43:27 +0800] "GET /phpmyadmin/js/get_scripts.js.php?scripts[]=jquery/jquery-1.8.3.js&scripts[]=ajax.js&scripts[]=keyhandler.js&scripts[]=jquery/jquery-ui-1.9.2.custom.js&scripts[]=jquery/jquery.sprintf.js&scripts[]=jquery/jquery.cookie.js&scripts[]=jquery/jquery.mousewheel.js&scripts[]=jquery/jquery.event.drag-2.2.js&scripts[]=jquery/jquery-ui-timepicker-addon.js&scripts[]=jquery/jquery.ba-hashchange-1.3.js&scripts[]=jquery/jquery.debounce-1.0.5.js&scripts[]=jquery/jquery.menuResizer-1.0.js&scripts[]=rte.js&scripts[]=functions.js&scripts[]=navigation.js&scripts[]=indexes.js&scripts[]=common.js&scripts[]=codemirror/lib/codemirror.js&scripts[]=codemirror/mode/mysql/mysql.js HTTP/1.1" 200 578562
::1 - - [03/Oct/2018:10:43:27 +0800] "GET /phpmyadmin/js/get_image.js.php?theme=pmahomme HTTP/1.1" 200 6263
::1 - - [03/Oct/2018:10:43:27 +0800] "GET /phpmyadmin/phpmyadmin.css.php?server=1&token=27e610de87e098e54a7edb298d94f924&nocache=4125195912ltr HTTP/1.1" 200 88608
::1 - - [03/Oct/2018:10:43:27 +0800] "GET /phpmyadmin/js/messages.php?lang=zh_TW&db=&server=0&token=1780176e5d387a454ff34aca8d722f17 HTTP/1.1" 200 16674
::1 - - [03/Oct/2018:10:43:33 +0800] "POST /phpmyadmin/index.php HTTP/1.1" 302 -
::1 - - [03/Oct/2018:10:43:33 +0800] "GET /phpmyadmin/index.php?token=27e610de87e098e54a7edb298d94f924 HTTP/1.1" 200 43022
::1 - - [03/Oct/2018:10:43:33 +0800] "GET /phpmyadmin/phpmyadmin.css.php?server=1&token=27e610de87e098e54a7edb298d94f924&nocache=5663730525ltr HTTP/1.1" 200 88608
::1 - - [03/Oct/2018:10:43:33 +0800] "GET /phpmyadmin/js/messages.php?lang=zh_TW&db=&server=0&token=27e610de87e098e54a7edb298d94f924 HTTP/1.1" 200 16674
::1 - - [03/Oct/2018:10:43:34 +0800] "GET /phpmyadmin/version_check.php?&_nocache=1538534614164265687 HTTP/1.1" 200 39
::1 - - [03/Oct/2018:10:43:37 +0800] "GET /phpmyadmin/server_databases.php?db=&token=27e610de87e098e54a7edb298d94f924&ajax_request=true&ajax_page_request=true&menuHashes=0353134e&_nocache=1538534617012207104 HTTP/1.1" 200 40200
::1 - - [03/Oct/2018:10:43:37 +0800] "GET /phpmyadmin/js/get_scripts.js.php?scripts[]=server_databases.js HTTP/1.1" 200 1818
::1 - - [03/Oct/2018:10:43:43 +0800] "POST /phpmyadmin/db_create.php HTTP/1.1" 200 2466
::1 - - [03/Oct/2018:10:43:43 +0800] "POST /phpmyadmin/navigation.php?ajax_request=1&token=27e610de87e098e54a7edb298d94f924 HTTP/1.1" 200 1293
::1 - - [03/Oct/2018:10:44:10 +0800] "POST /wordpress/wp-admin/setup-config.php?step=2 HTTP/1.1" 200 1425
::1 - - [03/Oct/2018:10:44:12 +0800] "GET /wordpress/wp-admin/install.php?language=zh_TW HTTP/1.1" 200 6094
::1 - - [03/Oct/2018:10:44:13 +0800] "GET /wordpress/wp-includes/css/dashicons.min.css?ver=4.9 HTTP/1.1" 200 46360
::1 - - [03/Oct/2018:10:44:13 +0800] "GET /wordpress/wp-includes/js/zxcvbn-async.min.js?ver=1.0 HTTP/1.1" 200 324
::1 - - [03/Oct/2018:10:44:13 +0800] "GET /wordpress/wp-includes/js/wp-util.min.js?ver=4.9 HTTP/1.1" 200 1046
::1 - - [03/Oct/2018:10:44:13 +0800] "GET /wordpress/wp-includes/js/underscore.min.js?ver=1.8.3 HTTP/1.1" 200 16410
::1 - - [03/Oct/2018:10:44:13 +0800] "GET /wordpress/wp-admin/js/password-strength-meter.min.js?ver=4.9 HTTP/1.1" 200 784
::1 - - [03/Oct/2018:10:44:13 +0800] "GET /wordpress/wp-admin/js/user-profile.min.js?ver=4.9 HTTP/1.1" 200 6359
::1 - - [03/Oct/2018:10:44:13 +0800] "GET /wordpress/wp-includes/js/zxcvbn.min.js HTTP/1.1" 200 822202
::1 - - [03/Oct/2018:10:45:53 +0800] "POST /wordpress/wp-admin/install.php?step=2 HTTP/1.1" 200 5891
::1 - - [03/Oct/2018:10:46:36 +0800] "GET /wordpress/2018/10/03/hello-world/ HTTP/1.1" 200 57710
::1 - - [03/Oct/2018:10:46:20 +0800] "POST /wordpress/wp-admin/install.php?step=2 HTTP/1.1" 200 3340
::1 - - [03/Oct/2018:10:46:44 +0800] "GET /wordpress/wp-login.php HTTP/1.1" 200 2354
::1 - - [03/Oct/2018:10:46:47 +0800] "GET /wordpress/wp-admin/load-styles.php?c=0&dir=ltr&load%5B%5D=dashicons,buttons,forms,l10n,login&ver=4.9 HTTP/1.1" 200 98104
::1 - - [03/Oct/2018:10:47:02 +0800] "POST /wordpress/wp-login.php HTTP/1.1" 200 3343
::1 - - [03/Oct/2018:10:47:11 +0800] "POST /wordpress/wp-admin/upgrade.php?step=upgrade_db HTTP/1.1" 200 1
::1 - - [03/Oct/2018:10:47:11 +0800] "POST /wordpress/wp-login.php HTTP/1.1" 302 -
::1 - - [03/Oct/2018:10:47:17 +0800] "GET /wordpress/wp-admin/load-scripts.php?c=0&load%5B%5D=jquery-core,jquery-migrate,utils&ver=4.9.8 HTTP/1.1" 200 109068
::1 - - [03/Oct/2018:10:47:17 +0800] "GET /wordpress/wp-includes/js/thickbox/thickbox.css?ver=4.9.8 HTTP/1.1" 200 2658
::1 - - [03/Oct/2018:10:47:17 +0800] "GET /wordpress/wp-admin/load-styles.php?c=0&dir=ltr&load%5B%5D=dashicons,admin-bar,common,forms,admin-menu,dashboard,list-tables,edit,revisions,media,themes,about,nav-menus,wp-pointer,widgets&load%5B%5D=,site-icon,l10n,buttons,wp-auth-check&ver=4.9.8 HTTP/1.1" 200 337409
::1 - - [03/Oct/2018:10:47:17 +0800] "GET /wordpress/wp-includes/js/wp-emoji-release.min.js?ver=4.9.8 HTTP/1.1" 200 12026
::1 - - [03/Oct/2018:10:47:17 +0800] "GET /wordpress/wp-includes/css/editor.min.css?ver=4.9.8 HTTP/1.1" 200 26214
::1 - - [03/Oct/2018:10:47:12 +0800] "GET /wordpress/wp-admin/ HTTP/1.1" 200 62792
::1 - - [03/Oct/2018:10:47:17 +0800] "GET /wordpress/wp-admin/load-scripts.php?c=0&load%5B%5D=hoverIntent,common,admin-bar,wp-ajax-response,jquery-color,wp-lists,quicktags,jquery-query,admin-comments,jquery-ui-core,jquery-&load%5B%5D=ui-widget,jquery-ui-mouse,jquery-ui-sortable,postbox,underscore,wp-util,wp-a11y,dashboard,thickbox,plugin-install,updates,shortc&load%5B%5D=ode,media-upload,svg-painter,heartbeat,wp-auth-check,jquery-ui-position,wp-pointer,wplink,jquery-ui-menu,jquery-ui-autocomplete&ver=4.9.8 HTTP/1.1" 200 248927
::1 - - [03/Oct/2018:10:47:17 +0800] "GET /wordpress/wp-includes/js/thickbox/loadingAnimation.gif HTTP/1.1" 200 15238
::1 - - [03/Oct/2018:10:47:17 +0800] "GET /wordpress/wp-admin/admin-ajax.php?action=wp-compression-test&test=1&_ajax_nonce=6dcfd8a05c&1538534837413 HTTP/1.1" 200 1114
::1 - - [03/Oct/2018:10:47:17 +0800] "GET /wordpress/wp-admin/admin-ajax.php?action=wp-compression-test&test=2&_ajax_nonce=6dcfd8a05c&1538534837780 HTTP/1.1" 200 572
::1 - - [03/Oct/2018:10:47:18 +0800] "GET /wordpress/wp-admin/admin-ajax.php?action=wp-compression-test&test=yes&_ajax_nonce=6dcfd8a05c&1538534838100 HTTP/1.1" 200 1
::1 - - [03/Oct/2018:10:47:17 +0800] "POST /wordpress/wp-admin/admin-ajax.php HTTP/1.1" 200 877
::1 - - [03/Oct/2018:10:47:19 +0800] "GET /wordpress/wp-admin/images/spinner.gif HTTP/1.1" 200 4162
::1 - - [03/Oct/2018:10:47:17 +0800] "GET /wordpress/wp-admin/admin-ajax.php?action=dashboard-widgets&widget=dashboard_primary&pagenow=dashboard HTTP/1.1" 200 899
::1 - - [03/Oct/2018:10:47:24 +0800] "GET /wordpress/wp-login.php?action=logout&_wpnonce=ec9384a6e9 HTTP/1.1" 302 -
::1 - - [03/Oct/2018:10:47:24 +0800] "GET /wordpress/wp-login.php?loggedout=true HTTP/1.1" 200 2638
::1 - - [03/Oct/2018:10:47:25 +0800] "GET /wordpress/wp-admin/load-styles.php?c=1&dir=ltr&load%5B%5D=dashicons,buttons,forms,l10n,login&ver=4.9.8 HTTP/1.1" 200 39543
::1 - - [03/Oct/2018:10:46:55 +0800] "POST /wordpress/wp-cron.php?doing_wp_cron=1538534805.2007019519805908203125 HTTP/1.1" 200 -
::1 - - [03/Oct/2018:10:48:06 +0800] "GET /wordpress/wp-content/themes/twentyseventeen/style.css?ver=4.9.8 HTTP/1.1" 200 83036
::1 - - [03/Oct/2018:10:48:06 +0800] "GET /wordpress/wp-includes/js/wp-emoji-release.min.js?ver=4.9.8 HTTP/1.1" 304 -
::1 - - [03/Oct/2018:10:48:03 +0800] "GET /wordpress/ HTTP/1.1" 200 53322
::1 - - [03/Oct/2018:10:48:06 +0800] "GET /wordpress/wp-content/themes/twentyseventeen/assets/images/header.jpg HTTP/1.1" 200 114854
::1 - - [03/Oct/2018:10:48:06 +0800] "GET /wordpress/wp-content/themes/twentyseventeen/assets/js/skip-link-focus-fix.js?ver=1.0 HTTP/1.1" 200 683
::1 - - [03/Oct/2018:10:48:06 +0800] "GET /wordpress/wp-includes/js/wp-embed.min.js?ver=4.9.8 HTTP/1.1" 200 1398
::1 - - [03/Oct/2018:10:48:06 +0800] "GET /wordpress/wp-content/themes/twentyseventeen/assets/js/jquery.scrollTo.js?ver=2.1.2 HTTP/1.1" 200 5836
::1 - - [03/Oct/2018:10:48:06 +0800] "GET /wordpress/wp-content/themes/twentyseventeen/assets/js/global.js?ver=1.0 HTTP/1.1" 200 7682
::1 - - [03/Oct/2018:10:48:06 +0800] "POST /wordpress/wp-cron.php?doing_wp_cron=1538534884.0237019062042236328125 HTTP/1.1" 200 -
::1 - - [03/Oct/2018:10:48:22 +0800] "GET /phpmyadmin/index.php?token=27e610de87e098e54a7edb298d94f924&old_usr=root HTTP/1.1" 200 7976
::1 - - [03/Oct/2018:10:48:22 +0800] "GET /phpmyadmin/phpmyadmin.css.php?server=1&token=18d5dcdfbd0b146ccf40a899ab7a0b76&nocache=4125195912ltr HTTP/1.1" 200 88608
