2018-10-03 10:42:34 7544 [Note] Plugin 'FEDERATED' is disabled.
2018-10-03 10:42:34 7544 [Note] InnoDB: The InnoDB memory heap is disabled
2018-10-03 10:42:34 7544 [Note] InnoDB: Mutexes and rw_locks use Windows interlocked functions
2018-10-03 10:42:34 7544 [Note] InnoDB: Compressed tables use zlib 1.2.3
2018-10-03 10:42:34 7544 [Note] InnoDB: Not using CPU crc32 instructions
2018-10-03 10:42:34 7544 [Note] InnoDB: Initializing buffer pool, size = 128.0M
2018-10-03 10:42:34 7544 [Note] InnoDB: Completed initialization of buffer pool
2018-10-03 10:42:34 7544 [Note] InnoDB: Setting log file C:\Users\RD\Desktop\wordpress_Blog\USBWebserver_wordpress\mysql\data\ib_logfile101 size to 5 MB
2018-10-03 10:42:34 7544 [Note] InnoDB: Setting log file C:\Users\RD\Desktop\wordpress_Blog\USBWebserver_wordpress\mysql\data\ib_logfile1 size to 5 MB
2018-10-03 10:42:34 7544 [Note] InnoDB: Renaming log file C:\Users\RD\Desktop\wordpress_Blog\USBWebserver_wordpress\mysql\data\ib_logfile101 to C:\Users\RD\Desktop\wordpress_Blog\USBWebserver_wordpress\mysql\data\ib_logfile0
2018-10-03 10:42:34 7544 [Warning] InnoDB: New log files created, LSN=1626134
2018-10-03 10:42:34 7544 [Note] InnoDB: Highest supported file format is Barracuda.
2018-10-03 10:42:34 7544 [Note] InnoDB: 128 rollback segment(s) are active.
2018-10-03 10:42:34 7544 [Note] InnoDB: Waiting for purge to start
2018-10-03 10:42:34 7544 [Note] InnoDB: 5.6.13 started; log sequence number 1626636
2018-10-03 10:42:34 7544 [Warning] No existing UUID has been found, so we assume that this is the first time that this server has been started. Generating a new UUID: fba7f40e-c6b5-11e8-ad48-0c5b8f279a64.
2018-10-03 10:42:34 7544 [Note] Server hostname (bind-address): '*'; port: 3307
2018-10-03 10:42:34 7544 [Note] IPv6 is available.
2018-10-03 10:42:34 7544 [Note]   - '::' resolves to '::';
2018-10-03 10:42:34 7544 [Note] Server socket created on IP: '::'.
2018-10-03 10:42:35 7544 [Note] Event Scheduler: Loaded 0 events
2018-10-03 10:42:35 7544 [Note] C:\Users\RD\Desktop\wordpress_Blog\USBWebserver_wordpress/mysql/bin/mysqld_usbwv8.exe: ready for connections.
Version: '5.6.13'  socket: ''  port: 3307  MySQL Community Server (GPL)
